Analysis & Synthesis report for de10_lite
Tue Sep 22 11:05:59 2020
Quartus Prime Version 20.1.0 Build 711 06/05/2020 SJ Lite Edition


---------------------
; Table of Contents ;
---------------------
  1. Legal Notice
  2. Analysis & Synthesis Summary
  3. Analysis & Synthesis Settings
  4. Parallel Compilation
  5. Analysis & Synthesis Messages



----------------
; Legal Notice ;
----------------
Copyright (C) 2020  Intel Corporation. All rights reserved.
Your use of Intel Corporation's design tools, logic functions 
and other software and tools, and any partner logic 
functions, and any output files from any of the foregoing 
(including device programming or simulation files), and any 
associated documentation or information are expressly subject 
to the terms and conditions of the Intel Program License 
Subscription Agreement, the Intel Quartus Prime License Agreement,
the Intel FPGA IP License Agreement, or other applicable license
agreement, including, without limitation, that your use is for
the sole purpose of programming logic devices manufactured by
Intel and sold by Intel or its authorized distributors.  Please
refer to the applicable agreement for further details, at
https://fpgasoftware.intel.com/eula.



+----------------------------------------------------------------------------------+
; Analysis & Synthesis Summary                                                     ;
+------------------------------------+---------------------------------------------+
; Analysis & Synthesis Status        ; Failed - Tue Sep 22 11:05:59 2020           ;
; Quartus Prime Version              ; 20.1.0 Build 711 06/05/2020 SJ Lite Edition ;
; Revision Name                      ; de10_lite                                   ;
; Top-level Entity Name              ; de10_lite                                   ;
; Family                             ; MAX 10                                      ;
; Total logic elements               ; N/A until Partition Merge                   ;
;     Total combinational functions  ; N/A until Partition Merge                   ;
;     Dedicated logic registers      ; N/A until Partition Merge                   ;
; Total registers                    ; N/A until Partition Merge                   ;
; Total pins                         ; N/A until Partition Merge                   ;
; Total virtual pins                 ; N/A until Partition Merge                   ;
; Total memory bits                  ; N/A until Partition Merge                   ;
; Embedded Multiplier 9-bit elements ; N/A until Partition Merge                   ;
; Total PLLs                         ; N/A until Partition Merge                   ;
; UFM blocks                         ; N/A until Partition Merge                   ;
; ADC blocks                         ; N/A until Partition Merge                   ;
+------------------------------------+---------------------------------------------+


+------------------------------------------------------------------------------------------------------------+
; Analysis & Synthesis Settings                                                                              ;
+------------------------------------------------------------------+--------------------+--------------------+
; Option                                                           ; Setting            ; Default Value      ;
+------------------------------------------------------------------+--------------------+--------------------+
; Device                                                           ; 10M50DAF484C7G     ;                    ;
; Top-level entity name                                            ; de10_lite          ; de10_lite          ;
; Family name                                                      ; MAX 10             ; Cyclone V          ;
; Use smart compilation                                            ; Off                ; Off                ;
; Enable parallel Assembler and Timing Analyzer during compilation ; On                 ; On                 ;
; Enable compact report table                                      ; Off                ; Off                ;
; Restructure Multiplexers                                         ; Auto               ; Auto               ;
; Create Debugging Nodes for IP Cores                              ; Off                ; Off                ;
; Preserve fewer node names                                        ; On                 ; On                 ;
; Intel FPGA IP Evaluation Mode                                    ; Enable             ; Enable             ;
; Verilog Version                                                  ; Verilog_2001       ; Verilog_2001       ;
; VHDL Version                                                     ; VHDL_1993          ; VHDL_1993          ;
; State Machine Processing                                         ; Auto               ; Auto               ;
; Safe State Machine                                               ; Off                ; Off                ;
; Extract Verilog State Machines                                   ; On                 ; On                 ;
; Extract VHDL State Machines                                      ; On                 ; On                 ;
; Ignore Verilog initial constructs                                ; Off                ; Off                ;
; Iteration limit for constant Verilog loops                       ; 5000               ; 5000               ;
; Iteration limit for non-constant Verilog loops                   ; 250                ; 250                ;
; Add Pass-Through Logic to Inferred RAMs                          ; On                 ; On                 ;
; Infer RAMs from Raw Logic                                        ; On                 ; On                 ;
; Parallel Synthesis                                               ; On                 ; On                 ;
; DSP Block Balancing                                              ; Auto               ; Auto               ;
; NOT Gate Push-Back                                               ; On                 ; On                 ;
; Power-Up Don't Care                                              ; On                 ; On                 ;
; Remove Redundant Logic Cells                                     ; Off                ; Off                ;
; Remove Duplicate Registers                                       ; On                 ; On                 ;
; Ignore CARRY Buffers                                             ; Off                ; Off                ;
; Ignore CASCADE Buffers                                           ; Off                ; Off                ;
; Ignore GLOBAL Buffers                                            ; Off                ; Off                ;
; Ignore ROW GLOBAL Buffers                                        ; Off                ; Off                ;
; Ignore LCELL Buffers                                             ; Off                ; Off                ;
; Ignore SOFT Buffers                                              ; On                 ; On                 ;
; Limit AHDL Integers to 32 Bits                                   ; Off                ; Off                ;
; Optimization Technique                                           ; Balanced           ; Balanced           ;
; Carry Chain Length                                               ; 70                 ; 70                 ;
; Auto Carry Chains                                                ; On                 ; On                 ;
; Auto Open-Drain Pins                                             ; On                 ; On                 ;
; Perform WYSIWYG Primitive Resynthesis                            ; Off                ; Off                ;
; Auto ROM Replacement                                             ; On                 ; On                 ;
; Auto RAM Replacement                                             ; On                 ; On                 ;
; Auto DSP Block Replacement                                       ; On                 ; On                 ;
; Auto Shift Register Replacement                                  ; Auto               ; Auto               ;
; Allow Shift Register Merging across Hierarchies                  ; Auto               ; Auto               ;
; Auto Clock Enable Replacement                                    ; On                 ; On                 ;
; Strict RAM Replacement                                           ; Off                ; Off                ;
; Allow Synchronous Control Signals                                ; On                 ; On                 ;
; Force Use of Synchronous Clear Signals                           ; Off                ; Off                ;
; Auto RAM Block Balancing                                         ; On                 ; On                 ;
; Auto RAM to Logic Cell Conversion                                ; Off                ; Off                ;
; Auto Resource Sharing                                            ; Off                ; Off                ;
; Allow Any RAM Size For Recognition                               ; Off                ; Off                ;
; Allow Any ROM Size For Recognition                               ; Off                ; Off                ;
; Allow Any Shift Register Size For Recognition                    ; Off                ; Off                ;
; Use LogicLock Constraints during Resource Balancing              ; On                 ; On                 ;
; Ignore translate_off and synthesis_off directives                ; Off                ; Off                ;
; Timing-Driven Synthesis                                          ; On                 ; On                 ;
; Report Parameter Settings                                        ; On                 ; On                 ;
; Report Source Assignments                                        ; On                 ; On                 ;
; Report Connectivity Checks                                       ; On                 ; On                 ;
; Ignore Maximum Fan-Out Assignments                               ; Off                ; Off                ;
; Synchronization Register Chain Length                            ; 2                  ; 2                  ;
; Power Optimization During Synthesis                              ; Normal compilation ; Normal compilation ;
; HDL message level                                                ; Level2             ; Level2             ;
; Suppress Register Optimization Related Messages                  ; Off                ; Off                ;
; Number of Removed Registers Reported in Synthesis Report         ; 5000               ; 5000               ;
; Number of Swept Nodes Reported in Synthesis Report               ; 5000               ; 5000               ;
; Number of Inverted Registers Reported in Synthesis Report        ; 100                ; 100                ;
; Clock MUX Protection                                             ; On                 ; On                 ;
; Auto Gated Clock Conversion                                      ; Off                ; Off                ;
; Block Design Naming                                              ; Auto               ; Auto               ;
; SDC constraint protection                                        ; Off                ; Off                ;
; Synthesis Effort                                                 ; Auto               ; Auto               ;
; Shift Register Replacement - Allow Asynchronous Clear Signal     ; On                 ; On                 ;
; Pre-Mapping Resynthesis Optimization                             ; Off                ; Off                ;
; Analysis & Synthesis Message Level                               ; Medium             ; Medium             ;
; Disable Register Merging Across Hierarchies                      ; Auto               ; Auto               ;
; Resource Aware Inference For Block RAM                           ; On                 ; On                 ;
+------------------------------------------------------------------+--------------------+--------------------+


+------------------------------------------+
; Parallel Compilation                     ;
+----------------------------+-------------+
; Processors                 ; Number      ;
+----------------------------+-------------+
; Number detected on machine ; 4           ;
; Maximum allowed            ; 2           ;
;                            ;             ;
; Average used               ; 1.00        ;
; Maximum used               ; 1           ;
;                            ;             ;
; Usage by Processor         ; % Time Used ;
;     Processor 1            ; 100.0%      ;
+----------------------------+-------------+


+-------------------------------+
; Analysis & Synthesis Messages ;
+-------------------------------+
Info: *******************************************************************
Info: Running Quartus Prime Analysis & Synthesis
    Info: Version 20.1.0 Build 711 06/05/2020 SJ Lite Edition
    Info: Processing started: Tue Sep 22 11:05:48 2020
Info: Command: quartus_map --read_settings_files=on --write_settings_files=off de10_lite -c de10_lite
Warning (18236): Number of processors has not been specified which may cause overloading on shared machines.  Set the global assignment NUM_PARALLEL_PROCESSORS in your QSF to an appropriate value for best performance.
Info (20030): Parallel compilation is enabled and will use 2 of the 2 processors detected
Info (12021): Found 2 design units, including 1 entities, in source file /users/tarci/desktop/vhdl_projects/animation7seg/counter.vhd
    Info (12022): Found design unit 1: counter-count File: C:/Users/tarci/Desktop/VHDL_projects/Animation7seg/counter.vhd Line: 23
    Info (12023): Found entity 1: counter File: C:/Users/tarci/Desktop/VHDL_projects/Animation7seg/counter.vhd Line: 9
Info (12021): Found 2 design units, including 1 entities, in source file /users/tarci/desktop/vhdl_projects/animation7seg/animationfsm.vhd
    Info (12022): Found design unit 1: fsm-RTL File: C:/Users/tarci/Desktop/VHDL_projects/Animation7seg/animationFSM.vhd Line: 13
    Info (12023): Found entity 1: fsm File: C:/Users/tarci/Desktop/VHDL_projects/Animation7seg/animationFSM.vhd Line: 5
Warning (12125): Using design file de10_lite.vhd, which is not specified as a design file for the current project, but contains definitions for 2 design units and 1 entities in project
    Info (12022): Found design unit 1: de10_lite-RTL File: C:/Users/tarci/Desktop/VHDL_projects/Animation7seg/sint/de10lite/de10_lite.vhd Line: 70
    Info (12023): Found entity 1: de10_lite File: C:/Users/tarci/Desktop/VHDL_projects/Animation7seg/sint/de10lite/de10_lite.vhd Line: 12
Info (12127): Elaborating entity "de10_lite" for the top level hierarchy
Warning (10541): VHDL Signal Declaration warning at de10_lite.vhd(20): used implicit default value for signal "DRAM_ADDR" because signal was never assigned a value or an explicit default value. Use of implicit default value may introduce unintended design optimizations. File: C:/Users/tarci/Desktop/VHDL_projects/Animation7seg/sint/de10lite/de10_lite.vhd Line: 20
Warning (10541): VHDL Signal Declaration warning at de10_lite.vhd(21): used implicit default value for signal "DRAM_BA" because signal was never assigned a value or an explicit default value. Use of implicit default value may introduce unintended design optimizations. File: C:/Users/tarci/Desktop/VHDL_projects/Animation7seg/sint/de10lite/de10_lite.vhd Line: 21
Warning (10541): VHDL Signal Declaration warning at de10_lite.vhd(22): used implicit default value for signal "DRAM_CAS_N" because signal was never assigned a value or an explicit default value. Use of implicit default value may introduce unintended design optimizations. File: C:/Users/tarci/Desktop/VHDL_projects/Animation7seg/sint/de10lite/de10_lite.vhd Line: 22
Warning (10541): VHDL Signal Declaration warning at de10_lite.vhd(23): used implicit default value for signal "DRAM_CKE" because signal was never assigned a value or an explicit default value. Use of implicit default value may introduce unintended design optimizations. File: C:/Users/tarci/Desktop/VHDL_projects/Animation7seg/sint/de10lite/de10_lite.vhd Line: 23
Warning (10541): VHDL Signal Declaration warning at de10_lite.vhd(24): used implicit default value for signal "DRAM_CLK" because signal was never assigned a value or an explicit default value. Use of implicit default value may introduce unintended design optimizations. File: C:/Users/tarci/Desktop/VHDL_projects/Animation7seg/sint/de10lite/de10_lite.vhd Line: 24
Warning (10541): VHDL Signal Declaration warning at de10_lite.vhd(25): used implicit default value for signal "DRAM_CS_N" because signal was never assigned a value or an explicit default value. Use of implicit default value may introduce unintended design optimizations. File: C:/Users/tarci/Desktop/VHDL_projects/Animation7seg/sint/de10lite/de10_lite.vhd Line: 25
Warning (10541): VHDL Signal Declaration warning at de10_lite.vhd(27): used implicit default value for signal "DRAM_LDQM" because signal was never assigned a value or an explicit default value. Use of implicit default value may introduce unintended design optimizations. File: C:/Users/tarci/Desktop/VHDL_projects/Animation7seg/sint/de10lite/de10_lite.vhd Line: 27
Warning (10541): VHDL Signal Declaration warning at de10_lite.vhd(28): used implicit default value for signal "DRAM_RAS_N" because signal was never assigned a value or an explicit default value. Use of implicit default value may introduce unintended design optimizations. File: C:/Users/tarci/Desktop/VHDL_projects/Animation7seg/sint/de10lite/de10_lite.vhd Line: 28
Warning (10541): VHDL Signal Declaration warning at de10_lite.vhd(29): used implicit default value for signal "DRAM_UDQM" because signal was never assigned a value or an explicit default value. Use of implicit default value may introduce unintended design optimizations. File: C:/Users/tarci/Desktop/VHDL_projects/Animation7seg/sint/de10lite/de10_lite.vhd Line: 29
Warning (10541): VHDL Signal Declaration warning at de10_lite.vhd(30): used implicit default value for signal "DRAM_WE_N" because signal was never assigned a value or an explicit default value. Use of implicit default value may introduce unintended design optimizations. File: C:/Users/tarci/Desktop/VHDL_projects/Animation7seg/sint/de10lite/de10_lite.vhd Line: 30
Warning (10541): VHDL Signal Declaration warning at de10_lite.vhd(34): used implicit default value for signal "HEX1" because signal was never assigned a value or an explicit default value. Use of implicit default value may introduce unintended design optimizations. File: C:/Users/tarci/Desktop/VHDL_projects/Animation7seg/sint/de10lite/de10_lite.vhd Line: 34
Warning (10541): VHDL Signal Declaration warning at de10_lite.vhd(35): used implicit default value for signal "HEX2" because signal was never assigned a value or an explicit default value. Use of implicit default value may introduce unintended design optimizations. File: C:/Users/tarci/Desktop/VHDL_projects/Animation7seg/sint/de10lite/de10_lite.vhd Line: 35
Warning (10541): VHDL Signal Declaration warning at de10_lite.vhd(36): used implicit default value for signal "HEX3" because signal was never assigned a value or an explicit default value. Use of implicit default value may introduce unintended design optimizations. File: C:/Users/tarci/Desktop/VHDL_projects/Animation7seg/sint/de10lite/de10_lite.vhd Line: 36
Warning (10541): VHDL Signal Declaration warning at de10_lite.vhd(37): used implicit default value for signal "HEX4" because signal was never assigned a value or an explicit default value. Use of implicit default value may introduce unintended design optimizations. File: C:/Users/tarci/Desktop/VHDL_projects/Animation7seg/sint/de10lite/de10_lite.vhd Line: 37
Warning (10541): VHDL Signal Declaration warning at de10_lite.vhd(38): used implicit default value for signal "HEX5" because signal was never assigned a value or an explicit default value. Use of implicit default value may introduce unintended design optimizations. File: C:/Users/tarci/Desktop/VHDL_projects/Animation7seg/sint/de10lite/de10_lite.vhd Line: 38
Warning (10541): VHDL Signal Declaration warning at de10_lite.vhd(50): used implicit default value for signal "VGA_B" because signal was never assigned a value or an explicit default value. Use of implicit default value may introduce unintended design optimizations. File: C:/Users/tarci/Desktop/VHDL_projects/Animation7seg/sint/de10lite/de10_lite.vhd Line: 50
Warning (10541): VHDL Signal Declaration warning at de10_lite.vhd(51): used implicit default value for signal "VGA_G" because signal was never assigned a value or an explicit default value. Use of implicit default value may introduce unintended design optimizations. File: C:/Users/tarci/Desktop/VHDL_projects/Animation7seg/sint/de10lite/de10_lite.vhd Line: 51
Warning (10541): VHDL Signal Declaration warning at de10_lite.vhd(52): used implicit default value for signal "VGA_HS" because signal was never assigned a value or an explicit default value. Use of implicit default value may introduce unintended design optimizations. File: C:/Users/tarci/Desktop/VHDL_projects/Animation7seg/sint/de10lite/de10_lite.vhd Line: 52
Warning (10541): VHDL Signal Declaration warning at de10_lite.vhd(53): used implicit default value for signal "VGA_R" because signal was never assigned a value or an explicit default value. Use of implicit default value may introduce unintended design optimizations. File: C:/Users/tarci/Desktop/VHDL_projects/Animation7seg/sint/de10lite/de10_lite.vhd Line: 53
Warning (10541): VHDL Signal Declaration warning at de10_lite.vhd(54): used implicit default value for signal "VGA_VS" because signal was never assigned a value or an explicit default value. Use of implicit default value may introduce unintended design optimizations. File: C:/Users/tarci/Desktop/VHDL_projects/Animation7seg/sint/de10lite/de10_lite.vhd Line: 54
Warning (10541): VHDL Signal Declaration warning at de10_lite.vhd(57): used implicit default value for signal "GSENSOR_CS_N" because signal was never assigned a value or an explicit default value. Use of implicit default value may introduce unintended design optimizations. File: C:/Users/tarci/Desktop/VHDL_projects/Animation7seg/sint/de10lite/de10_lite.vhd Line: 57
Warning (10541): VHDL Signal Declaration warning at de10_lite.vhd(59): used implicit default value for signal "GSENSOR_SCLK" because signal was never assigned a value or an explicit default value. Use of implicit default value may introduce unintended design optimizations. File: C:/Users/tarci/Desktop/VHDL_projects/Animation7seg/sint/de10lite/de10_lite.vhd Line: 59
Warning (10873): Using initial value X (don't care) for net "LEDR[9..2]" at de10_lite.vhd(44) File: C:/Users/tarci/Desktop/VHDL_projects/Animation7seg/sint/de10lite/de10_lite.vhd Line: 44
Info (12128): Elaborating entity "fsm" for hierarchy "fsm:animation" File: C:/Users/tarci/Desktop/VHDL_projects/Animation7seg/sint/de10lite/de10_lite.vhd Line: 84
Warning (10036): Verilog HDL or VHDL warning at animationFSM.vhd(19): object "cont" assigned a value but never read File: C:/Users/tarci/Desktop/VHDL_projects/Animation7seg/animationFSM.vhd Line: 19
Warning (10036): Verilog HDL or VHDL warning at animationFSM.vhd(20): object "cont2" assigned a value but never read File: C:/Users/tarci/Desktop/VHDL_projects/Animation7seg/animationFSM.vhd Line: 20
Error (10818): Can't infer register for "enable_c" at animationFSM.vhd(29) because it does not hold its value outside the clock edge File: C:/Users/tarci/Desktop/VHDL_projects/Animation7seg/animationFSM.vhd Line: 29
Error (10818): Can't infer register for "dout[0]" at animationFSM.vhd(29) because it does not hold its value outside the clock edge File: C:/Users/tarci/Desktop/VHDL_projects/Animation7seg/animationFSM.vhd Line: 29
Error (10818): Can't infer register for "dout[1]" at animationFSM.vhd(29) because it does not hold its value outside the clock edge File: C:/Users/tarci/Desktop/VHDL_projects/Animation7seg/animationFSM.vhd Line: 29
Error (10818): Can't infer register for "dout[2]" at animationFSM.vhd(29) because it does not hold its value outside the clock edge File: C:/Users/tarci/Desktop/VHDL_projects/Animation7seg/animationFSM.vhd Line: 29
Error (10818): Can't infer register for "dout[3]" at animationFSM.vhd(29) because it does not hold its value outside the clock edge File: C:/Users/tarci/Desktop/VHDL_projects/Animation7seg/animationFSM.vhd Line: 29
Error (10818): Can't infer register for "dout[4]" at animationFSM.vhd(29) because it does not hold its value outside the clock edge File: C:/Users/tarci/Desktop/VHDL_projects/Animation7seg/animationFSM.vhd Line: 29
Error (10818): Can't infer register for "dout[5]" at animationFSM.vhd(29) because it does not hold its value outside the clock edge File: C:/Users/tarci/Desktop/VHDL_projects/Animation7seg/animationFSM.vhd Line: 29
Error (10818): Can't infer register for "dout[6]" at animationFSM.vhd(29) because it does not hold its value outside the clock edge File: C:/Users/tarci/Desktop/VHDL_projects/Animation7seg/animationFSM.vhd Line: 29
Error (10822): HDL error at animationFSM.vhd(32): couldn't implement registers for assignments on this clock edge File: C:/Users/tarci/Desktop/VHDL_projects/Animation7seg/animationFSM.vhd Line: 32
Error (10822): HDL error at animationFSM.vhd(96): couldn't implement registers for assignments on this clock edge File: C:/Users/tarci/Desktop/VHDL_projects/Animation7seg/animationFSM.vhd Line: 96
Error (12152): Can't elaborate user hierarchy "fsm:animation" File: C:/Users/tarci/Desktop/VHDL_projects/Animation7seg/sint/de10lite/de10_lite.vhd Line: 84
Error: Quartus Prime Analysis & Synthesis was unsuccessful. 11 errors, 27 warnings
    Error: Peak virtual memory: 4781 megabytes
    Error: Processing ended: Tue Sep 22 11:05:59 2020
    Error: Elapsed time: 00:00:11
    Error: Total CPU time (on all processors): 00:00:24


